android/app/build/intermediates/manifest_merge_blame_file/release/manifest-merger-blame-release-report.txt
1<?xml version="1.0" encoding="utf-8"?>
2<manifest xmlns:android="http://schemas.android.com/apk/res/android"
3    package="com.castd1"
4    android:versionCode="1"
5    android:versionName="1.0" >
6
7    <uses-sdk
8        android:minSdkVersion="16"
8-->src/main/AndroidManifest.xml
9        android:targetSdkVersion="28" />
9-->src/main/AndroidManifest.xml
10
11    <uses-permission android:name="android.permission.INTERNET" />
11-->src/main/AndroidManifest.xml:4:5-67
11-->src/main/AndroidManifest.xml:4:22-64
12
13    <!-- This permission is required to start foreground services in Android P. -->
14    <uses-permission android:name="android.permission.FOREGROUND_SERVICE" /> <!-- Required by older versions of Google Play services to create IID tokens -->
14-->[com.google.android.gms:play-services-cast-framework:16.1.2] AndroidManifest.xml:7:5-77
14-->[com.google.android.gms:play-services-cast-framework:16.1.2] AndroidManifest.xml:7:22-74
15    <uses-permission android:name="com.google.android.c2dm.permission.RECEIVE" />
15-->[com.google.android.gms:play-services-iid:17.0.0] AndroidManifest.xml:23:5-82
15-->[com.google.android.gms:play-services-iid:17.0.0] AndroidManifest.xml:23:22-79
16    <uses-permission android:name="com.google.android.finsky.permission.BIND_GET_INSTALL_REFERRER_SERVICE" />
16-->[com.android.installreferrer:installreferrer:1.1.2] AndroidManifest.xml:9:5-110
16-->[com.android.installreferrer:installreferrer:1.1.2] AndroidManifest.xml:9:22-107
17
18    <application
18-->src/main/AndroidManifest.xml:6:5-31:19
19        android:name="com.castd1.MainApplication"
19-->src/main/AndroidManifest.xml:7:7-38
20        android:allowBackup="false"
20-->src/main/AndroidManifest.xml:11:7-34
21        android:appComponentFactory="androidx.core.app.CoreComponentFactory"
21-->[androidx.core:core:1.0.1] AndroidManifest.xml:22:18-86
22        android:icon="@mipmap/ic_launcher"
22-->src/main/AndroidManifest.xml:9:7-41
23        android:label="@string/app_name"
23-->src/main/AndroidManifest.xml:8:7-39
24        android:roundIcon="@mipmap/ic_launcher_round"
24-->src/main/AndroidManifest.xml:10:7-52
25        android:theme="@style/AppTheme" >
25-->src/main/AndroidManifest.xml:12:7-38
26        <activity
26-->src/main/AndroidManifest.xml:13:7-23:18
27            android:name="com.castd1.MainActivity"
27-->src/main/AndroidManifest.xml:14:9-37
28            android:configChanges="keyboard|keyboardHidden|orientation|screenSize|uiMode"
28-->src/main/AndroidManifest.xml:16:9-86
29            android:label="@string/app_name"
29-->src/main/AndroidManifest.xml:15:9-41
30            android:launchMode="singleTask"
30-->src/main/AndroidManifest.xml:17:9-40
31            android:windowSoftInputMode="adjustResize" >
31-->src/main/AndroidManifest.xml:18:9-51
32            <intent-filter>
32-->src/main/AndroidManifest.xml:19:9-22:25
33                <action android:name="android.intent.action.MAIN" />
33-->src/main/AndroidManifest.xml:20:13-65
33-->src/main/AndroidManifest.xml:20:21-62
34
35                <category android:name="android.intent.category.LAUNCHER" />
35-->src/main/AndroidManifest.xml:21:13-73
35-->src/main/AndroidManifest.xml:21:23-70
36            </intent-filter>
37        </activity>
38        <activity android:name="com.facebook.react.devsupport.DevSettingsActivity" />
38-->src/main/AndroidManifest.xml:24:7-84
38-->src/main/AndroidManifest.xml:24:17-81
39        <activity android:name="com.reactnative.googlecast.GoogleCastExpandedControlsActivity" />
39-->src/main/AndroidManifest.xml:25:7-96
39-->src/main/AndroidManifest.xml:25:17-93
40
41        <meta-data
41-->src/main/AndroidManifest.xml:26:7-28:80
42            android:name="com.google.android.gms.cast.framework.OPTIONS_PROVIDER_CLASS_NAME"
42-->src/main/AndroidManifest.xml:27:9-89
43            android:value="com.reactnative.googlecast.GoogleCastOptionsProvider" />
43-->src/main/AndroidManifest.xml:28:9-77
44
45        <receiver
45-->[:react-native-device-info] AndroidManifest.xml:13:9-21:20
46            android:name="com.learnium.RNDeviceInfo.RNDeviceReceiver"
46-->[:react-native-device-info] AndroidManifest.xml:14:13-70
47            android:enabled="true"
47-->[:react-native-device-info] AndroidManifest.xml:15:13-35
48            android:exported="true" >
48-->[:react-native-device-info] AndroidManifest.xml:16:13-36
49            <intent-filter>
49-->[:react-native-device-info] AndroidManifest.xml:18:13-20:29
50                <action android:name="com.android.vending.INSTALL_REFERRER" />
50-->[:react-native-device-info] AndroidManifest.xml:19:17-79
50-->[:react-native-device-info] AndroidManifest.xml:19:25-76
51            </intent-filter>
52        </receiver>
53        <receiver
53-->[com.google.android.gms:play-services-cast-framework:16.1.2] AndroidManifest.xml:10:9-12:40
54            android:name="com.google.android.gms.cast.framework.media.MediaIntentReceiver"
54-->[com.google.android.gms:play-services-cast-framework:16.1.2] AndroidManifest.xml:11:13-91
55            android:exported="false" />
55-->[com.google.android.gms:play-services-cast-framework:16.1.2] AndroidManifest.xml:12:13-37
56
57        <service
57-->[com.google.android.gms:play-services-cast-framework:16.1.2] AndroidManifest.xml:14:9-16:40
58            android:name="com.google.android.gms.cast.framework.media.MediaNotificationService"
58-->[com.google.android.gms:play-services-cast-framework:16.1.2] AndroidManifest.xml:15:13-96
59            android:exported="false" />
59-->[com.google.android.gms:play-services-cast-framework:16.1.2] AndroidManifest.xml:16:13-37
60        <service
60-->[com.google.android.gms:play-services-cast-framework:16.1.2] AndroidManifest.xml:17:9-19:40
61            android:name="com.google.android.gms.cast.framework.ReconnectionService"
61-->[com.google.android.gms:play-services-cast-framework:16.1.2] AndroidManifest.xml:18:13-85
62            android:exported="false" />
62-->[com.google.android.gms:play-services-cast-framework:16.1.2] AndroidManifest.xml:19:13-37
63
64        <activity
64-->[com.google.android.gms:play-services-base:17.0.0] AndroidManifest.xml:23:9-26:75
65            android:name="com.google.android.gms.common.api.GoogleApiActivity"
65-->[com.google.android.gms:play-services-base:17.0.0] AndroidManifest.xml:24:13-79
66            android:exported="false"
66-->[com.google.android.gms:play-services-base:17.0.0] AndroidManifest.xml:25:13-37
67            android:theme="@android:style/Theme.Translucent.NoTitleBar" />
67-->[com.google.android.gms:play-services-base:17.0.0] AndroidManifest.xml:26:13-72
68
69        <meta-data
69-->[com.google.android.gms:play-services-basement:17.0.0] AndroidManifest.xml:23:9-25:69
70            android:name="com.google.android.gms.version"
70-->[com.google.android.gms:play-services-basement:17.0.0] AndroidManifest.xml:24:13-58
71            android:value="@integer/google_play_services_version" />
71-->[com.google.android.gms:play-services-basement:17.0.0] AndroidManifest.xml:25:13-66
72    </application>
73
74</manifest>